<?xml version='1.0'?>
<ns2:test-suite xmlns:ns2='urn:model.allure.qatools.yandex.ru' start='1606814180272' stop='1606814188110'>
    <name>Verifying legend components</name>
    <title>Verifying legend components</title>
    <test-cases>
        <test-case start='1606814180273' status='failed' stop='1606814188109'>
            <name>Should verify legend layer Work Order Points</name>
            <title>Should verify legend layer Work Order Points</title>
            <labels>
                <label name='language' value='javascript'/>
                <label name='framework' value='wdio'/>
                <label name='thread' value='0-0'/>
            </labels>
            <parameters>
                <parameter kind='argument' name='browser' value='chrome'/>
            </parameters>
            <steps/>
            <attachments/>
            <failure>
                <message>expected true to equal false</message>
                <stack-trace>AssertionError: expected true to equal false
                    at Context.&lt;anonymous> (C:\Users\Alok's\Documents\PVWC Automated testscripts\test\TC_001_legend.test.js:92:16)
                    at Context.executeSync (C:\Users\Alok's\Documents\PVWC Automated testscripts\node_modules\@wdio\sync\build\index.js:56:18)
                    at C:\Users\Alok's\Documents\PVWC Automated testscripts\node_modules\@wdio\sync\build\index.js:82:70</stack-trace>
            </failure>
        </test-case>
    </test-cases>
</ns2:test-suite>