<?xml version='1.0'?>
<ns2:test-suite xmlns:ns2='urn:model.allure.qatools.yandex.ru' start='1606138629345' stop='1606138702705'>
    <name>Verifying identify functionality</name>
    <title>Verifying identify functionality</title>
    <test-cases>
        <test-case start='1606138629346' status='failed' stop='1606138702703'>
            <name>Identify functionality for division locations</name>
            <title>Identify functionality for division locations</title>
            <labels>
                <label name='language' value='javascript'/>
                <label name='framework' value='wdio'/>
                <label name='thread' value='0-0'/>
            </labels>
            <parameters>
                <parameter kind='argument' name='browser' value='chrome'/>
            </parameters>
            <steps/>
            <attachments/>
            <failure>
                <message>expected 'Counties' to equal 'Parcels'</message>
                <stack-trace>AssertionError: expected 'Counties' to equal 'Parcels'
                    at Context.&lt;anonymous> (C:\Users\Alok's\Documents\PECO Automated testscripts\test\identify.test.js:14:16)
                    at Context.executeSync (C:\Users\Alok's\Documents\PECO Automated testscripts\node_modules\@wdio\sync\build\index.js:56:18)
                    at C:\Users\Alok's\Documents\PECO Automated testscripts\node_modules\@wdio\sync\build\index.js:82:70</stack-trace>
            </failure>
        </test-case>
    </test-cases>
</ns2:test-suite>