<?xml version="1.0" encoding="UTF-8"?>
<testsuites>
  <testsuite name="Verifying_legend_components" timestamp="2021-01-25T23:07:06" time="10.791" tests="1" failures="0" errors="0" skipped="0">
    <properties>
      <property name="specId" value="0"/>
      <property name="suiteName" value="Verifying legend components"/>
      <property name="capabilities" value="chrome.87_0_4280_141.windows"/>
      <property name="file" value=".\test\TC_001_legend.test.js"/>
    </properties>
    <testcase classname="chrome.87_0_4280_141.windows.Verifying_legend_components" name="Should_verify_legend_layer_Work_Order_Points" time="10.785">
      <system-out>
        <![CDATA[
COMMAND: POST /session/906f40b0be0114caa2741b81f08e869e/element - {"using":"xpath","value":"//*[@id=\"map_zoom_slider\"]/div[1]/span"}
RESULT: {"using":"xpath","value":"//*[@id=\"map_zoom_slider\"]/div[1]/span"}
COMMAND: POST /session/906f40b0be0114caa2741b81f08e869e/element/bd330882-3094-44d3-a449-7f3b77d03a9d/click - {}
RESULT: {}
COMMAND: POST /session/906f40b0be0114caa2741b81f08e869e/element - {"using":"xpath","value":"//*[@id=\"map_zoom_slider\"]/div[1]/span"}
RESULT: {"using":"xpath","value":"//*[@id=\"map_zoom_slider\"]/div[1]/span"}
COMMAND: POST /session/906f40b0be0114caa2741b81f08e869e/element/bd330882-3094-44d3-a449-7f3b77d03a9d/click - {}
RESULT: {}
COMMAND: POST /session/906f40b0be0114caa2741b81f08e869e/element - {"using":"xpath","value":"//*[@id=\"map_zoom_slider\"]/div[1]/span"}
RESULT: {"using":"xpath","value":"//*[@id=\"map_zoom_slider\"]/div[1]/span"}
COMMAND: POST /session/906f40b0be0114caa2741b81f08e869e/element/bd330882-3094-44d3-a449-7f3b77d03a9d/click - {}
RESULT: {}
COMMAND: POST /session/906f40b0be0114caa2741b81f08e869e/element - {"using":"xpath","value":"//*[@id=\"map_zoom_slider\"]/div[1]/span"}
RESULT: {"using":"xpath","value":"//*[@id=\"map_zoom_slider\"]/div[1]/span"}
COMMAND: POST /session/906f40b0be0114caa2741b81f08e869e/element/bd330882-3094-44d3-a449-7f3b77d03a9d/click - {}
RESULT: {}
COMMAND: POST /session/906f40b0be0114caa2741b81f08e869e/element - {"using":"xpath","value":"//*[@id=\"map_zoom_slider\"]/div[1]/span"}
RESULT: {"using":"xpath","value":"//*[@id=\"map_zoom_slider\"]/div[1]/span"}
COMMAND: POST /session/906f40b0be0114caa2741b81f08e869e/element/bd330882-3094-44d3-a449-7f3b77d03a9d/click - {}
RESULT: {}
COMMAND: POST /session/906f40b0be0114caa2741b81f08e869e/element - {"using":"xpath","value":"//*[@id=\"map_zoom_slider\"]/div[1]/span"}
RESULT: {"using":"xpath","value":"//*[@id=\"map_zoom_slider\"]/div[1]/span"}
COMMAND: POST /session/906f40b0be0114caa2741b81f08e869e/element/bd330882-3094-44d3-a449-7f3b77d03a9d/click - {}
RESULT: {}
COMMAND: POST /session/906f40b0be0114caa2741b81f08e869e/element - {"using":"xpath","value":"//*[@id=\"map_zoom_slider\"]/div[1]/span"}
RESULT: {"using":"xpath","value":"//*[@id=\"map_zoom_slider\"]/div[1]/span"}
COMMAND: POST /session/906f40b0be0114caa2741b81f08e869e/element/bd330882-3094-44d3-a449-7f3b77d03a9d/click - {}
RESULT: {}
COMMAND: POST /session/906f40b0be0114caa2741b81f08e869e/element - {"using":"xpath","value":"//*[@id=\"map_zoom_slider\"]/div[1]/span"}
RESULT: {"using":"xpath","value":"//*[@id=\"map_zoom_slider\"]/div[1]/span"}
COMMAND: POST /session/906f40b0be0114caa2741b81f08e869e/element/bd330882-3094-44d3-a449-7f3b77d03a9d/click - {}
RESULT: {}
COMMAND: POST /session/906f40b0be0114caa2741b81f08e869e/element - {"using":"xpath","value":"//*[@id=\"map_zoom_slider\"]/div[1]/span"}
RESULT: {"using":"xpath","value":"//*[@id=\"map_zoom_slider\"]/div[1]/span"}
COMMAND: POST /session/906f40b0be0114caa2741b81f08e869e/element/bd330882-3094-44d3-a449-7f3b77d03a9d/click - {}
RESULT: {}
COMMAND: POST /session/906f40b0be0114caa2741b81f08e869e/element - {"using":"xpath","value":"//*[@id=\"map_zoom_slider\"]/div[1]/span"}
RESULT: {"using":"xpath","value":"//*[@id=\"map_zoom_slider\"]/div[1]/span"}
COMMAND: POST /session/906f40b0be0114caa2741b81f08e869e/element/bd330882-3094-44d3-a449-7f3b77d03a9d/click - {}
RESULT: {}
COMMAND: POST /session/906f40b0be0114caa2741b81f08e869e/element - {"using":"css selector","value":"#legendButton_label"}
RESULT: {"using":"css selector","value":"#legendButton_label"}
COMMAND: POST /session/906f40b0be0114caa2741b81f08e869e/element/1fd1d02c-1948-4ea6-99bc-14b86a35ebdd/click - {}
RESULT: {}
COMMAND: POST /session/906f40b0be0114caa2741b81f08e869e/element - {"using":"xpath","value":"//span[text()=\"CIP Water Mains\"]"}
RESULT: {"using":"xpath","value":"//span[text()=\"CIP Water Mains\"]"}
COMMAND: POST /session/906f40b0be0114caa2741b81f08e869e/execute/sync - {"script":"return (function isElementDisplayed(element) {\n  function nodeIsElement(node) {\n    if (!node) {\n      return false;\n    }\n\n    switch (node.nodeType) {\n      case Node.ELEMENT_NODE:\n      case Node.D ... (4720 more bytes)","args":[{"element-6066-11e4-a52e-4f735466cecf":"22821736-e908-4588-9992-b103f81ba1f2","ELEMENT":"22821736-e908-4588-9992-b103f81ba1f2"}]}
RESULT: {"script":"return (function isElementDisplayed(element) {\n  function nodeIsElement(node) {\n    if (!node) {\n      return false;\n    }\n\n    switch (node.nodeType) {\n      case Node.ELEMENT_NODE:\n      case Node.D ... (4720 more bytes)","args":[{"element-6066-11e4-a52e-4f735466cecf":"22821736-e908-4588-9992-b103f81ba1f2","ELEMENT":"22821736-e908-4588-9992-b103f81ba1f2"}]}
COMMAND: POST /session/906f40b0be0114caa2741b81f08e869e/element - {"using":"xpath","value":"//span[text()=\"Water Distribution\"]"}
RESULT: {"using":"xpath","value":"//span[text()=\"Water Distribution\"]"}
COMMAND: POST /session/906f40b0be0114caa2741b81f08e869e/execute/sync - {"script":"return (function isElementDisplayed(element) {\n  function nodeIsElement(node) {\n    if (!node) {\n      return false;\n    }\n\n    switch (node.nodeType) {\n      case Node.ELEMENT_NODE:\n      case Node.D ... (4720 more bytes)","args":[{"element-6066-11e4-a52e-4f735466cecf":"97e4ace8-fcf5-439c-a5e5-b982df4bc9c6","ELEMENT":"97e4ace8-fcf5-439c-a5e5-b982df4bc9c6"}]}
RESULT: {"script":"return (function isElementDisplayed(element) {\n  function nodeIsElement(node) {\n    if (!node) {\n      return false;\n    }\n\n    switch (node.nodeType) {\n      case Node.ELEMENT_NODE:\n      case Node.D ... (4720 more bytes)","args":[{"element-6066-11e4-a52e-4f735466cecf":"97e4ace8-fcf5-439c-a5e5-b982df4bc9c6","ELEMENT":"97e4ace8-fcf5-439c-a5e5-b982df4bc9c6"}]}
COMMAND: POST /session/906f40b0be0114caa2741b81f08e869e/element - {"using":"xpath","value":"//span[text()=\"Reservoirs\"]"}
RESULT: {"using":"xpath","value":"//span[text()=\"Reservoirs\"]"}
COMMAND: POST /session/906f40b0be0114caa2741b81f08e869e/execute/sync - {"script":"return (function isElementDisplayed(element) {\n  function nodeIsElement(node) {\n    if (!node) {\n      return false;\n    }\n\n    switch (node.nodeType) {\n      case Node.ELEMENT_NODE:\n      case Node.D ... (4720 more bytes)","args":[{"element-6066-11e4-a52e-4f735466cecf":"9fd9df52-c7d0-48c3-b272-6d817d8d8479","ELEMENT":"9fd9df52-c7d0-48c3-b272-6d817d8d8479"}]}
RESULT: {"script":"return (function isElementDisplayed(element) {\n  function nodeIsElement(node) {\n    if (!node) {\n      return false;\n    }\n\n    switch (node.nodeType) {\n      case Node.ELEMENT_NODE:\n      case Node.D ... (4720 more bytes)","args":[{"element-6066-11e4-a52e-4f735466cecf":"9fd9df52-c7d0-48c3-b272-6d817d8d8479","ELEMENT":"9fd9df52-c7d0-48c3-b272-6d817d8d8479"}]}
COMMAND: POST /session/906f40b0be0114caa2741b81f08e869e/element - {"using":"xpath","value":"//span[text()=\"Services\"]"}
RESULT: {"using":"xpath","value":"//span[text()=\"Services\"]"}
COMMAND: POST /session/906f40b0be0114caa2741b81f08e869e/execute/sync - {"script":"return (function isElementDisplayed(element) {\n  function nodeIsElement(node) {\n    if (!node) {\n      return false;\n    }\n\n    switch (node.nodeType) {\n      case Node.ELEMENT_NODE:\n      case Node.D ... (4720 more bytes)","args":[{"element-6066-11e4-a52e-4f735466cecf":"b60a8e43-7dc0-44cf-b17d-a07cd860c0fb","ELEMENT":"b60a8e43-7dc0-44cf-b17d-a07cd860c0fb"}]}
RESULT: {"script":"return (function isElementDisplayed(element) {\n  function nodeIsElement(node) {\n    if (!node) {\n      return false;\n    }\n\n    switch (node.nodeType) {\n      case Node.ELEMENT_NODE:\n      case Node.D ... (4720 more bytes)","args":[{"element-6066-11e4-a52e-4f735466cecf":"b60a8e43-7dc0-44cf-b17d-a07cd860c0fb","ELEMENT":"b60a8e43-7dc0-44cf-b17d-a07cd860c0fb"}]}
COMMAND: POST /session/906f40b0be0114caa2741b81f08e869e/element - {"using":"xpath","value":"//span[text()=\"Customer Exemption\"]"}
RESULT: {"using":"xpath","value":"//span[text()=\"Customer Exemption\"]"}
COMMAND: POST /session/906f40b0be0114caa2741b81f08e869e/execute/sync - {"script":"return (function isElementDisplayed(element) {\n  function nodeIsElement(node) {\n    if (!node) {\n      return false;\n    }\n\n    switch (node.nodeType) {\n      case Node.ELEMENT_NODE:\n      case Node.D ... (4720 more bytes)","args":[{"element-6066-11e4-a52e-4f735466cecf":"a89c36af-c56d-4a20-bded-0a87a6d6f415","ELEMENT":"a89c36af-c56d-4a20-bded-0a87a6d6f415"}]}
RESULT: {"script":"return (function isElementDisplayed(element) {\n  function nodeIsElement(node) {\n    if (!node) {\n      return false;\n    }\n\n    switch (node.nodeType) {\n      case Node.ELEMENT_NODE:\n      case Node.D ... (4720 more bytes)","args":[{"element-6066-11e4-a52e-4f735466cecf":"a89c36af-c56d-4a20-bded-0a87a6d6f415","ELEMENT":"a89c36af-c56d-4a20-bded-0a87a6d6f415"}]}
COMMAND: POST /session/906f40b0be0114caa2741b81f08e869e/element - {"using":"xpath","value":"//span[text()=\"Customer Locations\"]"}
RESULT: {"using":"xpath","value":"//span[text()=\"Customer Locations\"]"}
COMMAND: POST /session/906f40b0be0114caa2741b81f08e869e/execute/sync - {"script":"return (function isElementDisplayed(element) {\n  function nodeIsElement(node) {\n    if (!node) {\n      return false;\n    }\n\n    switch (node.nodeType) {\n      case Node.ELEMENT_NODE:\n      case Node.D ... (4720 more bytes)","args":[{"element-6066-11e4-a52e-4f735466cecf":"59e1f197-9696-4188-a379-03e1cb4b1425","ELEMENT":"59e1f197-9696-4188-a379-03e1cb4b1425"}]}
RESULT: {"script":"return (function isElementDisplayed(element) {\n  function nodeIsElement(node) {\n    if (!node) {\n      return false;\n    }\n\n    switch (node.nodeType) {\n      case Node.ELEMENT_NODE:\n      case Node.D ... (4720 more bytes)","args":[{"element-6066-11e4-a52e-4f735466cecf":"59e1f197-9696-4188-a379-03e1cb4b1425","ELEMENT":"59e1f197-9696-4188-a379-03e1cb4b1425"}]}
COMMAND: POST /session/906f40b0be0114caa2741b81f08e869e/element - {"using":"xpath","value":"//span[text()=\"Unknown Account Type\"]"}
RESULT: {"using":"xpath","value":"//span[text()=\"Unknown Account Type\"]"}
COMMAND: POST /session/906f40b0be0114caa2741b81f08e869e/execute/sync - {"script":"return (function isElementDisplayed(element) {\n  function nodeIsElement(node) {\n    if (!node) {\n      return false;\n    }\n\n    switch (node.nodeType) {\n      case Node.ELEMENT_NODE:\n      case Node.D ... (4720 more bytes)","args":[{"element-6066-11e4-a52e-4f735466cecf":"c17df928-731c-45fe-a11e-b88f2d9c214f","ELEMENT":"c17df928-731c-45fe-a11e-b88f2d9c214f"}]}
RESULT: {"script":"return (function isElementDisplayed(element) {\n  function nodeIsElement(node) {\n    if (!node) {\n      return false;\n    }\n\n    switch (node.nodeType) {\n      case Node.ELEMENT_NODE:\n      case Node.D ... (4720 more bytes)","args":[{"element-6066-11e4-a52e-4f735466cecf":"c17df928-731c-45fe-a11e-b88f2d9c214f","ELEMENT":"c17df928-731c-45fe-a11e-b88f2d9c214f"}]}
COMMAND: POST /session/906f40b0be0114caa2741b81f08e869e/element - {"using":"xpath","value":"//span[text()=\"Residential\"]"}
RESULT: {"using":"xpath","value":"//span[text()=\"Residential\"]"}
COMMAND: POST /session/906f40b0be0114caa2741b81f08e869e/execute/sync - {"script":"return (function isElementDisplayed(element) {\n  function nodeIsElement(node) {\n    if (!node) {\n      return false;\n    }\n\n    switch (node.nodeType) {\n      case Node.ELEMENT_NODE:\n      case Node.D ... (4720 more bytes)","args":[{"element-6066-11e4-a52e-4f735466cecf":"6a5c4844-59f0-4db9-a4ee-8a097e4d161f","ELEMENT":"6a5c4844-59f0-4db9-a4ee-8a097e4d161f"}]}
RESULT: {"script":"return (function isElementDisplayed(element) {\n  function nodeIsElement(node) {\n    if (!node) {\n      return false;\n    }\n\n    switch (node.nodeType) {\n      case Node.ELEMENT_NODE:\n      case Node.D ... (4720 more bytes)","args":[{"element-6066-11e4-a52e-4f735466cecf":"6a5c4844-59f0-4db9-a4ee-8a097e4d161f","ELEMENT":"6a5c4844-59f0-4db9-a4ee-8a097e4d161f"}]}
COMMAND: POST /session/906f40b0be0114caa2741b81f08e869e/element - {"using":"xpath","value":"//span[text()=\"Fireline\"]"}
RESULT: {"using":"xpath","value":"//span[text()=\"Fireline\"]"}
COMMAND: POST /session/906f40b0be0114caa2741b81f08e869e/execute/sync - {"script":"return (function isElementDisplayed(element) {\n  function nodeIsElement(node) {\n    if (!node) {\n      return false;\n    }\n\n    switch (node.nodeType) {\n      case Node.ELEMENT_NODE:\n      case Node.D ... (4720 more bytes)","args":[{"element-6066-11e4-a52e-4f735466cecf":"3a455679-fbcc-478a-bc4f-a61e825e0c39","ELEMENT":"3a455679-fbcc-478a-bc4f-a61e825e0c39"}]}
RESULT: {"script":"return (function isElementDisplayed(element) {\n  function nodeIsElement(node) {\n    if (!node) {\n      return false;\n    }\n\n    switch (node.nodeType) {\n      case Node.ELEMENT_NODE:\n      case Node.D ... (4720 more bytes)","args":[{"element-6066-11e4-a52e-4f735466cecf":"3a455679-fbcc-478a-bc4f-a61e825e0c39","ELEMENT":"3a455679-fbcc-478a-bc4f-a61e825e0c39"}]}
COMMAND: POST /session/906f40b0be0114caa2741b81f08e869e/element - {"using":"xpath","value":"//span[text()=\"Municipal\"]"}
RESULT: {"using":"xpath","value":"//span[text()=\"Municipal\"]"}
COMMAND: POST /session/906f40b0be0114caa2741b81f08e869e/execute/sync - {"script":"return (function isElementDisplayed(element) {\n  function nodeIsElement(node) {\n    if (!node) {\n      return false;\n    }\n\n    switch (node.nodeType) {\n      case Node.ELEMENT_NODE:\n      case Node.D ... (4720 more bytes)","args":[{"element-6066-11e4-a52e-4f735466cecf":"4b4ac114-3935-4b25-9ce6-9144a86048bf","ELEMENT":"4b4ac114-3935-4b25-9ce6-9144a86048bf"}]}
RESULT: {"script":"return (function isElementDisplayed(element) {\n  function nodeIsElement(node) {\n    if (!node) {\n      return false;\n    }\n\n    switch (node.nodeType) {\n      case Node.ELEMENT_NODE:\n      case Node.D ... (4720 more bytes)","args":[{"element-6066-11e4-a52e-4f735466cecf":"4b4ac114-3935-4b25-9ce6-9144a86048bf","ELEMENT":"4b4ac114-3935-4b25-9ce6-9144a86048bf"}]}
COMMAND: POST /session/906f40b0be0114caa2741b81f08e869e/element - {"using":"xpath","value":"//span[text()=\"Address Validation Type\"]"}
RESULT: {"using":"xpath","value":"//span[text()=\"Address Validation Type\"]"}
COMMAND: POST /session/906f40b0be0114caa2741b81f08e869e/execute/sync - {"script":"return (function isElementDisplayed(element) {\n  function nodeIsElement(node) {\n    if (!node) {\n      return false;\n    }\n\n    switch (node.nodeType) {\n      case Node.ELEMENT_NODE:\n      case Node.D ... (4720 more bytes)","args":[{"element-6066-11e4-a52e-4f735466cecf":"51e29bdc-adfb-4c99-b118-0d6ae7181e0e","ELEMENT":"51e29bdc-adfb-4c99-b118-0d6ae7181e0e"}]}
RESULT: {"script":"return (function isElementDisplayed(element) {\n  function nodeIsElement(node) {\n    if (!node) {\n      return false;\n    }\n\n    switch (node.nodeType) {\n      case Node.ELEMENT_NODE:\n      case Node.D ... (4720 more bytes)","args":[{"element-6066-11e4-a52e-4f735466cecf":"51e29bdc-adfb-4c99-b118-0d6ae7181e0e","ELEMENT":"51e29bdc-adfb-4c99-b118-0d6ae7181e0e"}]}
COMMAND: POST /session/906f40b0be0114caa2741b81f08e869e/element - {"using":"xpath","value":"//span[text()=\"Service Line Material\"]"}
RESULT: {"using":"xpath","value":"//span[text()=\"Service Line Material\"]"}
COMMAND: POST /session/906f40b0be0114caa2741b81f08e869e/execute/sync - {"script":"return (function isElementDisplayed(element) {\n  function nodeIsElement(node) {\n    if (!node) {\n      return false;\n    }\n\n    switch (node.nodeType) {\n      case Node.ELEMENT_NODE:\n      case Node.D ... (4720 more bytes)","args":[{"element-6066-11e4-a52e-4f735466cecf":"b32226a1-6f39-49dd-9d2f-f36bfa3a5b9c","ELEMENT":"b32226a1-6f39-49dd-9d2f-f36bfa3a5b9c"}]}
RESULT: {"script":"return (function isElementDisplayed(element) {\n  function nodeIsElement(node) {\n    if (!node) {\n      return false;\n    }\n\n    switch (node.nodeType) {\n      case Node.ELEMENT_NODE:\n      case Node.D ... (4720 more bytes)","args":[{"element-6066-11e4-a52e-4f735466cecf":"b32226a1-6f39-49dd-9d2f-f36bfa3a5b9c","ELEMENT":"b32226a1-6f39-49dd-9d2f-f36bfa3a5b9c"}]}
COMMAND: POST /session/906f40b0be0114caa2741b81f08e869e/element - {"using":"xpath","value":"//span[text()=\"Service Valves\"]"}
RESULT: {"using":"xpath","value":"//span[text()=\"Service Valves\"]"}
COMMAND: POST /session/906f40b0be0114caa2741b81f08e869e/execute/sync - {"script":"return (function isElementDisplayed(element) {\n  function nodeIsElement(node) {\n    if (!node) {\n      return false;\n    }\n\n    switch (node.nodeType) {\n      case Node.ELEMENT_NODE:\n      case Node.D ... (4720 more bytes)","args":[{"element-6066-11e4-a52e-4f735466cecf":"2ae32028-59f0-40dc-ada2-831fef63ccd5","ELEMENT":"2ae32028-59f0-40dc-ada2-831fef63ccd5"}]}
RESULT: {"script":"return (function isElementDisplayed(element) {\n  function nodeIsElement(node) {\n    if (!node) {\n      return false;\n    }\n\n    switch (node.nodeType) {\n      case Node.ELEMENT_NODE:\n      case Node.D ... (4720 more bytes)","args":[{"element-6066-11e4-a52e-4f735466cecf":"2ae32028-59f0-40dc-ada2-831fef63ccd5","ELEMENT":"2ae32028-59f0-40dc-ada2-831fef63ccd5"}]}
COMMAND: POST /session/906f40b0be0114caa2741b81f08e869e/element - {"using":"xpath","value":"//span[text()=\"Service Meters\"]"}
RESULT: {"using":"xpath","value":"//span[text()=\"Service Meters\"]"}
COMMAND: POST /session/906f40b0be0114caa2741b81f08e869e/execute/sync - {"script":"return (function isElementDisplayed(element) {\n  function nodeIsElement(node) {\n    if (!node) {\n      return false;\n    }\n\n    switch (node.nodeType) {\n      case Node.ELEMENT_NODE:\n      case Node.D ... (4720 more bytes)","args":[{"element-6066-11e4-a52e-4f735466cecf":"9962efe1-4543-404f-9911-4b41d864fdc8","ELEMENT":"9962efe1-4543-404f-9911-4b41d864fdc8"}]}
RESULT: {"script":"return (function isElementDisplayed(element) {\n  function nodeIsElement(node) {\n    if (!node) {\n      return false;\n    }\n\n    switch (node.nodeType) {\n      case Node.ELEMENT_NODE:\n      case Node.D ... (4720 more bytes)","args":[{"element-6066-11e4-a52e-4f735466cecf":"9962efe1-4543-404f-9911-4b41d864fdc8","ELEMENT":"9962efe1-4543-404f-9911-4b41d864fdc8"}]}
COMMAND: POST /session/906f40b0be0114caa2741b81f08e869e/element - {"using":"xpath","value":"//span[text()=\"Interconnections\"]"}
RESULT: {"using":"xpath","value":"//span[text()=\"Interconnections\"]"}
COMMAND: POST /session/906f40b0be0114caa2741b81f08e869e/execute/sync - {"script":"return (function isElementDisplayed(element) {\n  function nodeIsElement(node) {\n    if (!node) {\n      return false;\n    }\n\n    switch (node.nodeType) {\n      case Node.ELEMENT_NODE:\n      case Node.D ... (4720 more bytes)","args":[{"element-6066-11e4-a52e-4f735466cecf":"9ce5fcf6-505c-4cfd-a72d-adea60371019","ELEMENT":"9ce5fcf6-505c-4cfd-a72d-adea60371019"}]}
RESULT: {"script":"return (function isElementDisplayed(element) {\n  function nodeIsElement(node) {\n    if (!node) {\n      return false;\n    }\n\n    switch (node.nodeType) {\n      case Node.ELEMENT_NODE:\n      case Node.D ... (4720 more bytes)","args":[{"element-6066-11e4-a52e-4f735466cecf":"9ce5fcf6-505c-4cfd-a72d-adea60371019","ELEMENT":"9ce5fcf6-505c-4cfd-a72d-adea60371019"}]}
COMMAND: POST /session/906f40b0be0114caa2741b81f08e869e/element - {"using":"xpath","value":"//span[text()=\"Unknown Type\"]"}
RESULT: {"using":"xpath","value":"//span[text()=\"Unknown Type\"]"}
COMMAND: POST /session/906f40b0be0114caa2741b81f08e869e/execute/sync - {"script":"return (function isElementDisplayed(element) {\n  function nodeIsElement(node) {\n    if (!node) {\n      return false;\n    }\n\n    switch (node.nodeType) {\n      case Node.ELEMENT_NODE:\n      case Node.D ... (4720 more bytes)","args":[{"element-6066-11e4-a52e-4f735466cecf":"acaf0859-2966-4b31-b2a6-a930ff46cc68","ELEMENT":"acaf0859-2966-4b31-b2a6-a930ff46cc68"}]}
RESULT: {"script":"return (function isElementDisplayed(element) {\n  function nodeIsElement(node) {\n    if (!node) {\n      return false;\n    }\n\n    switch (node.nodeType) {\n      case Node.ELEMENT_NODE:\n      case Node.D ... (4720 more bytes)","args":[{"element-6066-11e4-a52e-4f735466cecf":"acaf0859-2966-4b31-b2a6-a930ff46cc68","ELEMENT":"acaf0859-2966-4b31-b2a6-a930ff46cc68"}]}
COMMAND: POST /session/906f40b0be0114caa2741b81f08e869e/element - {"using":"xpath","value":"//span[text()=\"Wholesale\"]"}
RESULT: {"using":"xpath","value":"//span[text()=\"Wholesale\"]"}
COMMAND: POST /session/906f40b0be0114caa2741b81f08e869e/execute/sync - {"script":"return (function isElementDisplayed(element) {\n  function nodeIsElement(node) {\n    if (!node) {\n      return false;\n    }\n\n    switch (node.nodeType) {\n      case Node.ELEMENT_NODE:\n      case Node.D ... (4720 more bytes)","args":[{"element-6066-11e4-a52e-4f735466cecf":"5d8325ee-9949-4675-b1e0-91479d4774b5","ELEMENT":"5d8325ee-9949-4675-b1e0-91479d4774b5"}]}
RESULT: {"script":"return (function isElementDisplayed(element) {\n  function nodeIsElement(node) {\n    if (!node) {\n      return false;\n    }\n\n    switch (node.nodeType) {\n      case Node.ELEMENT_NODE:\n      case Node.D ... (4720 more bytes)","args":[{"element-6066-11e4-a52e-4f735466cecf":"5d8325ee-9949-4675-b1e0-91479d4774b5","ELEMENT":"5d8325ee-9949-4675-b1e0-91479d4774b5"}]}
COMMAND: POST /session/906f40b0be0114caa2741b81f08e869e/element - {"using":"xpath","value":"//span[text()=\"Emergency\"]"}
RESULT: {"using":"xpath","value":"//span[text()=\"Emergency\"]"}
COMMAND: POST /session/906f40b0be0114caa2741b81f08e869e/execute/sync - {"script":"return (function isElementDisplayed(element) {\n  function nodeIsElement(node) {\n    if (!node) {\n      return false;\n    }\n\n    switch (node.nodeType) {\n      case Node.ELEMENT_NODE:\n      case Node.D ... (4720 more bytes)","args":[{"element-6066-11e4-a52e-4f735466cecf":"ade875bc-e3f3-4375-b45e-426f18dc628c","ELEMENT":"ade875bc-e3f3-4375-b45e-426f18dc628c"}]}
RESULT: {"script":"return (function isElementDisplayed(element) {\n  function nodeIsElement(node) {\n    if (!node) {\n      return false;\n    }\n\n    switch (node.nodeType) {\n      case Node.ELEMENT_NODE:\n      case Node.D ... (4720 more bytes)","args":[{"element-6066-11e4-a52e-4f735466cecf":"ade875bc-e3f3-4375-b45e-426f18dc628c","ELEMENT":"ade875bc-e3f3-4375-b45e-426f18dc628c"}]}
COMMAND: POST /session/906f40b0be0114caa2741b81f08e869e/element - {"using":"xpath","value":"//span[text()=\"Inactive\"]"}
RESULT: {"using":"xpath","value":"//span[text()=\"Inactive\"]"}
COMMAND: POST /session/906f40b0be0114caa2741b81f08e869e/execute/sync - {"script":"return (function isElementDisplayed(element) {\n  function nodeIsElement(node) {\n    if (!node) {\n      return false;\n    }\n\n    switch (node.nodeType) {\n      case Node.ELEMENT_NODE:\n      case Node.D ... (4720 more bytes)","args":[{"element-6066-11e4-a52e-4f735466cecf":"57ff97c6-35d4-4e9d-8999-ecb99ab59155","ELEMENT":"57ff97c6-35d4-4e9d-8999-ecb99ab59155"}]}
RESULT: {"script":"return (function isElementDisplayed(element) {\n  function nodeIsElement(node) {\n    if (!node) {\n      return false;\n    }\n\n    switch (node.nodeType) {\n      case Node.ELEMENT_NODE:\n      case Node.D ... (4720 more bytes)","args":[{"element-6066-11e4-a52e-4f735466cecf":"57ff97c6-35d4-4e9d-8999-ecb99ab59155","ELEMENT":"57ff97c6-35d4-4e9d-8999-ecb99ab59155"}]}
COMMAND: POST /session/906f40b0be0114caa2741b81f08e869e/element - {"using":"xpath","value":"//span[text()=\"Pump Stations\"]"}
RESULT: {"using":"xpath","value":"//span[text()=\"Pump Stations\"]"}
COMMAND: POST /session/906f40b0be0114caa2741b81f08e869e/execute/sync - {"script":"return (function isElementDisplayed(element) {\n  function nodeIsElement(node) {\n    if (!node) {\n      return false;\n    }\n\n    switch (node.nodeType) {\n      case Node.ELEMENT_NODE:\n      case Node.D ... (4720 more bytes)","args":[{"element-6066-11e4-a52e-4f735466cecf":"03aaaa0c-3d53-4074-9f6a-ac0b50c7c2aa","ELEMENT":"03aaaa0c-3d53-4074-9f6a-ac0b50c7c2aa"}]}
RESULT: {"script":"return (function isElementDisplayed(element) {\n  function nodeIsElement(node) {\n    if (!node) {\n      return false;\n    }\n\n    switch (node.nodeType) {\n      case Node.ELEMENT_NODE:\n      case Node.D ... (4720 more bytes)","args":[{"element-6066-11e4-a52e-4f735466cecf":"03aaaa0c-3d53-4074-9f6a-ac0b50c7c2aa","ELEMENT":"03aaaa0c-3d53-4074-9f6a-ac0b50c7c2aa"}]}
COMMAND: POST /session/906f40b0be0114caa2741b81f08e869e/element - {"using":"xpath","value":"//span[text()=\"Water Storage Tank\"]"}
RESULT: {"using":"xpath","value":"//span[text()=\"Water Storage Tank\"]"}
COMMAND: POST /session/906f40b0be0114caa2741b81f08e869e/execute/sync - {"script":"return (function isElementDisplayed(element) {\n  function nodeIsElement(node) {\n    if (!node) {\n      return false;\n    }\n\n    switch (node.nodeType) {\n      case Node.ELEMENT_NODE:\n      case Node.D ... (4720 more bytes)","args":[{"element-6066-11e4-a52e-4f735466cecf":"1ac9e16e-f5c4-4d26-a1d5-ab188cf95d3b","ELEMENT":"1ac9e16e-f5c4-4d26-a1d5-ab188cf95d3b"}]}
RESULT: {"script":"return (function isElementDisplayed(element) {\n  function nodeIsElement(node) {\n    if (!node) {\n      return false;\n    }\n\n    switch (node.nodeType) {\n      case Node.ELEMENT_NODE:\n      case Node.D ... (4720 more bytes)","args":[{"element-6066-11e4-a52e-4f735466cecf":"1ac9e16e-f5c4-4d26-a1d5-ab188cf95d3b","ELEMENT":"1ac9e16e-f5c4-4d26-a1d5-ab188cf95d3b"}]}
COMMAND: POST /session/906f40b0be0114caa2741b81f08e869e/element - {"using":"xpath","value":"//span[text()=\"Structures\"]"}
RESULT: {"using":"xpath","value":"//span[text()=\"Structures\"]"}
COMMAND: POST /session/906f40b0be0114caa2741b81f08e869e/execute/sync - {"script":"return (function isElementDisplayed(element) {\n  function nodeIsElement(node) {\n    if (!node) {\n      return false;\n    }\n\n    switch (node.nodeType) {\n      case Node.ELEMENT_NODE:\n      case Node.D ... (4720 more bytes)","args":[{"element-6066-11e4-a52e-4f735466cecf":"9649d255-e344-4ca1-b8b1-3774a53f694d","ELEMENT":"9649d255-e344-4ca1-b8b1-3774a53f694d"}]}
RESULT: {"script":"return (function isElementDisplayed(element) {\n  function nodeIsElement(node) {\n    if (!node) {\n      return false;\n    }\n\n    switch (node.nodeType) {\n      case Node.ELEMENT_NODE:\n      case Node.D ... (4720 more bytes)","args":[{"element-6066-11e4-a52e-4f735466cecf":"9649d255-e344-4ca1-b8b1-3774a53f694d","ELEMENT":"9649d255-e344-4ca1-b8b1-3774a53f694d"}]}
COMMAND: POST /session/906f40b0be0114caa2741b81f08e869e/element - {"using":"xpath","value":"//span[text()=\"Fire Hydrants\"]"}
RESULT: {"using":"xpath","value":"//span[text()=\"Fire Hydrants\"]"}
COMMAND: POST /session/906f40b0be0114caa2741b81f08e869e/execute/sync - {"script":"return (function isElementDisplayed(element) {\n  function nodeIsElement(node) {\n    if (!node) {\n      return false;\n    }\n\n    switch (node.nodeType) {\n      case Node.ELEMENT_NODE:\n      case Node.D ... (4720 more bytes)","args":[{"element-6066-11e4-a52e-4f735466cecf":"3f969781-627e-467b-bbb4-286a006383e3","ELEMENT":"3f969781-627e-467b-bbb4-286a006383e3"}]}
RESULT: {"script":"return (function isElementDisplayed(element) {\n  function nodeIsElement(node) {\n    if (!node) {\n      return false;\n    }\n\n    switch (node.nodeType) {\n      case Node.ELEMENT_NODE:\n      case Node.D ... (4720 more bytes)","args":[{"element-6066-11e4-a52e-4f735466cecf":"3f969781-627e-467b-bbb4-286a006383e3","ELEMENT":"3f969781-627e-467b-bbb4-286a006383e3"}]}
COMMAND: POST /session/906f40b0be0114caa2741b81f08e869e/element - {"using":"xpath","value":"//span[text()=\"Hydrants\"]"}
RESULT: {"using":"xpath","value":"//span[text()=\"Hydrants\"]"}
COMMAND: POST /session/906f40b0be0114caa2741b81f08e869e/execute/sync - {"script":"return (function isElementDisplayed(element) {\n  function nodeIsElement(node) {\n    if (!node) {\n      return false;\n    }\n\n    switch (node.nodeType) {\n      case Node.ELEMENT_NODE:\n      case Node.D ... (4720 more bytes)","args":[{"element-6066-11e4-a52e-4f735466cecf":"db94bf9e-7bdf-4085-a655-e623106a65cf","ELEMENT":"db94bf9e-7bdf-4085-a655-e623106a65cf"}]}
RESULT: {"script":"return (function isElementDisplayed(element) {\n  function nodeIsElement(node) {\n    if (!node) {\n      return false;\n    }\n\n    switch (node.nodeType) {\n      case Node.ELEMENT_NODE:\n      case Node.D ... (4720 more bytes)","args":[{"element-6066-11e4-a52e-4f735466cecf":"db94bf9e-7bdf-4085-a655-e623106a65cf","ELEMENT":"db94bf9e-7bdf-4085-a655-e623106a65cf"}]}
COMMAND: POST /session/906f40b0be0114caa2741b81f08e869e/element - {"using":"xpath","value":"//span[text()=\"Condition Not Reported\"]"}
RESULT: {"using":"xpath","value":"//span[text()=\"Condition Not Reported\"]"}
COMMAND: POST /session/906f40b0be0114caa2741b81f08e869e/execute/sync - {"script":"return (function isElementDisplayed(element) {\n  function nodeIsElement(node) {\n    if (!node) {\n      return false;\n    }\n\n    switch (node.nodeType) {\n      case Node.ELEMENT_NODE:\n      case Node.D ... (4720 more bytes)","args":[{"element-6066-11e4-a52e-4f735466cecf":"855043f3-956e-4e02-a75e-2d7471b912c6","ELEMENT":"855043f3-956e-4e02-a75e-2d7471b912c6"}]}
RESULT: {"script":"return (function isElementDisplayed(element) {\n  function nodeIsElement(node) {\n    if (!node) {\n      return false;\n    }\n\n    switch (node.nodeType) {\n      case Node.ELEMENT_NODE:\n      case Node.D ... (4720 more bytes)","args":[{"element-6066-11e4-a52e-4f735466cecf":"855043f3-956e-4e02-a75e-2d7471b912c6","ELEMENT":"855043f3-956e-4e02-a75e-2d7471b912c6"}]}
COMMAND: POST /session/906f40b0be0114caa2741b81f08e869e/element - {"using":"xpath","value":"//span[text()=\"In Service - No Repairs Required\"]"}
RESULT: {"using":"xpath","value":"//span[text()=\"In Service - No Repairs Required\"]"}
COMMAND: POST /session/906f40b0be0114caa2741b81f08e869e/execute/sync - {"script":"return (function isElementDisplayed(element) {\n  function nodeIsElement(node) {\n    if (!node) {\n      return false;\n    }\n\n    switch (node.nodeType) {\n      case Node.ELEMENT_NODE:\n      case Node.D ... (4720 more bytes)","args":[{"element-6066-11e4-a52e-4f735466cecf":"56056bdf-7dcb-4afc-9ae4-b3af131cbf2f","ELEMENT":"56056bdf-7dcb-4afc-9ae4-b3af131cbf2f"}]}
RESULT: {"script":"return (function isElementDisplayed(element) {\n  function nodeIsElement(node) {\n    if (!node) {\n      return false;\n    }\n\n    switch (node.nodeType) {\n      case Node.ELEMENT_NODE:\n      case Node.D ... (4720 more bytes)","args":[{"element-6066-11e4-a52e-4f735466cecf":"56056bdf-7dcb-4afc-9ae4-b3af131cbf2f","ELEMENT":"56056bdf-7dcb-4afc-9ae4-b3af131cbf2f"}]}
COMMAND: POST /session/906f40b0be0114caa2741b81f08e869e/element - {"using":"xpath","value":"//span[text()=\"Out of Service\"]"}
RESULT: {"using":"xpath","value":"//span[text()=\"Out of Service\"]"}
COMMAND: POST /session/906f40b0be0114caa2741b81f08e869e/execute/sync - {"script":"return (function isElementDisplayed(element) {\n  function nodeIsElement(node) {\n    if (!node) {\n      return false;\n    }\n\n    switch (node.nodeType) {\n      case Node.ELEMENT_NODE:\n      case Node.D ... (4720 more bytes)","args":[{"element-6066-11e4-a52e-4f735466cecf":"c340f572-46ea-4096-b547-8ec1b9c15b7c","ELEMENT":"c340f572-46ea-4096-b547-8ec1b9c15b7c"}]}
RESULT: {"script":"return (function isElementDisplayed(element) {\n  function nodeIsElement(node) {\n    if (!node) {\n      return false;\n    }\n\n    switch (node.nodeType) {\n      case Node.ELEMENT_NODE:\n      case Node.D ... (4720 more bytes)","args":[{"element-6066-11e4-a52e-4f735466cecf":"c340f572-46ea-4096-b547-8ec1b9c15b7c","ELEMENT":"c340f572-46ea-4096-b547-8ec1b9c15b7c"}]}
COMMAND: POST /session/906f40b0be0114caa2741b81f08e869e/element - {"using":"xpath","value":"//span[text()=\"Valves\"]"}
RESULT: {"using":"xpath","value":"//span[text()=\"Valves\"]"}
COMMAND: POST /session/906f40b0be0114caa2741b81f08e869e/execute/sync - {"script":"return (function isElementDisplayed(element) {\n  function nodeIsElement(node) {\n    if (!node) {\n      return false;\n    }\n\n    switch (node.nodeType) {\n      case Node.ELEMENT_NODE:\n      case Node.D ... (4720 more bytes)","args":[{"element-6066-11e4-a52e-4f735466cecf":"e4c0c118-da0d-4a1e-807e-7ffdd33ac564","ELEMENT":"e4c0c118-da0d-4a1e-807e-7ffdd33ac564"}]}
RESULT: {"script":"return (function isElementDisplayed(element) {\n  function nodeIsElement(node) {\n    if (!node) {\n      return false;\n    }\n\n    switch (node.nodeType) {\n      case Node.ELEMENT_NODE:\n      case Node.D ... (4720 more bytes)","args":[{"element-6066-11e4-a52e-4f735466cecf":"e4c0c118-da0d-4a1e-807e-7ffdd33ac564","ELEMENT":"e4c0c118-da0d-4a1e-807e-7ffdd33ac564"}]}
COMMAND: POST /session/906f40b0be0114caa2741b81f08e869e/element - {"using":"xpath","value":"//span[text()=\"Closed Distribution Grid System Valves\"]"}
RESULT: {"using":"xpath","value":"//span[text()=\"Closed Distribution Grid System Valves\"]"}
COMMAND: POST /session/906f40b0be0114caa2741b81f08e869e/execute/sync - {"script":"return (function isElementDisplayed(element) {\n  function nodeIsElement(node) {\n    if (!node) {\n      return false;\n    }\n\n    switch (node.nodeType) {\n      case Node.ELEMENT_NODE:\n      case Node.D ... (4720 more bytes)","args":[{"element-6066-11e4-a52e-4f735466cecf":"302f2dfd-2f6f-4498-9e91-5ccc20bcff0a","ELEMENT":"302f2dfd-2f6f-4498-9e91-5ccc20bcff0a"}]}
RESULT: {"script":"return (function isElementDisplayed(element) {\n  function nodeIsElement(node) {\n    if (!node) {\n      return false;\n    }\n\n    switch (node.nodeType) {\n      case Node.ELEMENT_NODE:\n      case Node.D ... (4720 more bytes)","args":[{"element-6066-11e4-a52e-4f735466cecf":"302f2dfd-2f6f-4498-9e91-5ccc20bcff0a","ELEMENT":"302f2dfd-2f6f-4498-9e91-5ccc20bcff0a"}]}
COMMAND: POST /session/906f40b0be0114caa2741b81f08e869e/element - {"using":"xpath","value":"//span[text()=\"Normally Open, Currently Closed\"]"}
RESULT: {"using":"xpath","value":"//span[text()=\"Normally Open, Currently Closed\"]"}
COMMAND: POST /session/906f40b0be0114caa2741b81f08e869e/execute/sync - {"script":"return (function isElementDisplayed(element) {\n  function nodeIsElement(node) {\n    if (!node) {\n      return false;\n    }\n\n    switch (node.nodeType) {\n      case Node.ELEMENT_NODE:\n      case Node.D ... (4720 more bytes)","args":[{"element-6066-11e4-a52e-4f735466cecf":"1650d8f4-b7ca-4d96-b6c2-d7e79d75d72d","ELEMENT":"1650d8f4-b7ca-4d96-b6c2-d7e79d75d72d"}]}
RESULT: {"script":"return (function isElementDisplayed(element) {\n  function nodeIsElement(node) {\n    if (!node) {\n      return false;\n    }\n\n    switch (node.nodeType) {\n      case Node.ELEMENT_NODE:\n      case Node.D ... (4720 more bytes)","args":[{"element-6066-11e4-a52e-4f735466cecf":"1650d8f4-b7ca-4d96-b6c2-d7e79d75d72d","ELEMENT":"1650d8f4-b7ca-4d96-b6c2-d7e79d75d72d"}]}
COMMAND: POST /session/906f40b0be0114caa2741b81f08e869e/element - {"using":"xpath","value":"//span[text()=\"Normally Closed, Currently Closed \"]"}
RESULT: {"using":"xpath","value":"//span[text()=\"Normally Closed, Currently Closed \"]"}
COMMAND: POST /session/906f40b0be0114caa2741b81f08e869e/execute/sync - {"script":"return (function isElementDisplayed(element) {\n  function nodeIsElement(node) {\n    if (!node) {\n      return false;\n    }\n\n    switch (node.nodeType) {\n      case Node.ELEMENT_NODE:\n      case Node.D ... (4720 more bytes)","args":[{"element-6066-11e4-a52e-4f735466cecf":"8c199126-f345-444e-b3cb-f953e85d1fd2","ELEMENT":"8c199126-f345-444e-b3cb-f953e85d1fd2"}]}
RESULT: {"script":"return (function isElementDisplayed(element) {\n  function nodeIsElement(node) {\n    if (!node) {\n      return false;\n    }\n\n    switch (node.nodeType) {\n      case Node.ELEMENT_NODE:\n      case Node.D ... (4720 more bytes)","args":[{"element-6066-11e4-a52e-4f735466cecf":"8c199126-f345-444e-b3cb-f953e85d1fd2","ELEMENT":"8c199126-f345-444e-b3cb-f953e85d1fd2"}]}
COMMAND: POST /session/906f40b0be0114caa2741b81f08e869e/element - {"using":"xpath","value":"//span[text()=\"Normally Closed, Currently Open\"]"}
RESULT: {"using":"xpath","value":"//span[text()=\"Normally Closed, Currently Open\"]"}
COMMAND: POST /session/906f40b0be0114caa2741b81f08e869e/execute/sync - {"script":"return (function isElementDisplayed(element) {\n  function nodeIsElement(node) {\n    if (!node) {\n      return false;\n    }\n\n    switch (node.nodeType) {\n      case Node.ELEMENT_NODE:\n      case Node.D ... (4720 more bytes)","args":[{"element-6066-11e4-a52e-4f735466cecf":"c86f4512-ba46-4e22-9a15-d320e65bcbdd","ELEMENT":"c86f4512-ba46-4e22-9a15-d320e65bcbdd"}]}
RESULT: {"script":"return (function isElementDisplayed(element) {\n  function nodeIsElement(node) {\n    if (!node) {\n      return false;\n    }\n\n    switch (node.nodeType) {\n      case Node.ELEMENT_NODE:\n      case Node.D ... (4720 more bytes)","args":[{"element-6066-11e4-a52e-4f735466cecf":"c86f4512-ba46-4e22-9a15-d320e65bcbdd","ELEMENT":"c86f4512-ba46-4e22-9a15-d320e65bcbdd"}]}
COMMAND: POST /session/906f40b0be0114caa2741b81f08e869e/element - {"using":"xpath","value":"//span[text()=\"System Valve\"]"}
RESULT: {"using":"xpath","value":"//span[text()=\"System Valve\"]"}
COMMAND: POST /session/906f40b0be0114caa2741b81f08e869e/execute/sync - {"script":"return (function isElementDisplayed(element) {\n  function nodeIsElement(node) {\n    if (!node) {\n      return false;\n    }\n\n    switch (node.nodeType) {\n      case Node.ELEMENT_NODE:\n      case Node.D ... (4720 more bytes)","args":[{"element-6066-11e4-a52e-4f735466cecf":"39dbc868-9871-4c6f-aa73-2ead2c4ddc33","ELEMENT":"39dbc868-9871-4c6f-aa73-2ead2c4ddc33"}]}
RESULT: {"script":"return (function isElementDisplayed(element) {\n  function nodeIsElement(node) {\n    if (!node) {\n      return false;\n    }\n\n    switch (node.nodeType) {\n      case Node.ELEMENT_NODE:\n      case Node.D ... (4720 more bytes)","args":[{"element-6066-11e4-a52e-4f735466cecf":"39dbc868-9871-4c6f-aa73-2ead2c4ddc33","ELEMENT":"39dbc868-9871-4c6f-aa73-2ead2c4ddc33"}]}
COMMAND: POST /session/906f40b0be0114caa2741b81f08e869e/element - {"using":"xpath","value":"(//span[text()=\"Hydrant\"])[1]"}
RESULT: {"using":"xpath","value":"(//span[text()=\"Hydrant\"])[1]"}
COMMAND: POST /session/906f40b0be0114caa2741b81f08e869e/execute/sync - {"script":"return (function isElementDisplayed(element) {\n  function nodeIsElement(node) {\n    if (!node) {\n      return false;\n    }\n\n    switch (node.nodeType) {\n      case Node.ELEMENT_NODE:\n      case Node.D ... (4720 more bytes)","args":[{"element-6066-11e4-a52e-4f735466cecf":"8fcf386f-d9d6-4cbd-afdb-84748150fb94","ELEMENT":"8fcf386f-d9d6-4cbd-afdb-84748150fb94"}]}
RESULT: {"script":"return (function isElementDisplayed(element) {\n  function nodeIsElement(node) {\n    if (!node) {\n      return false;\n    }\n\n    switch (node.nodeType) {\n      case Node.ELEMENT_NODE:\n      case Node.D ... (4720 more bytes)","args":[{"element-6066-11e4-a52e-4f735466cecf":"8fcf386f-d9d6-4cbd-afdb-84748150fb94","ELEMENT":"8fcf386f-d9d6-4cbd-afdb-84748150fb94"}]}
COMMAND: POST /session/906f40b0be0114caa2741b81f08e869e/element - {"using":"xpath","value":"//span[text()=\"Interconnection\"]"}
RESULT: {"using":"xpath","value":"//span[text()=\"Interconnection\"]"}
COMMAND: POST /session/906f40b0be0114caa2741b81f08e869e/execute/sync - {"script":"return (function isElementDisplayed(element) {\n  function nodeIsElement(node) {\n    if (!node) {\n      return false;\n    }\n\n    switch (node.nodeType) {\n      case Node.ELEMENT_NODE:\n      case Node.D ... (4720 more bytes)","args":[{"element-6066-11e4-a52e-4f735466cecf":"6c62febf-5438-4f9f-8c6d-938cb3f3e415","ELEMENT":"6c62febf-5438-4f9f-8c6d-938cb3f3e415"}]}
RESULT: {"script":"return (function isElementDisplayed(element) {\n  function nodeIsElement(node) {\n    if (!node) {\n      return false;\n    }\n\n    switch (node.nodeType) {\n      case Node.ELEMENT_NODE:\n      case Node.D ... (4720 more bytes)","args":[{"element-6066-11e4-a52e-4f735466cecf":"6c62febf-5438-4f9f-8c6d-938cb3f3e415","ELEMENT":"6c62febf-5438-4f9f-8c6d-938cb3f3e415"}]}
COMMAND: POST /session/906f40b0be0114caa2741b81f08e869e/element - {"using":"xpath","value":"//span[text()=\"Air Release\"]"}
RESULT: {"using":"xpath","value":"//span[text()=\"Air Release\"]"}
COMMAND: POST /session/906f40b0be0114caa2741b81f08e869e/execute/sync - {"script":"return (function isElementDisplayed(element) {\n  function nodeIsElement(node) {\n    if (!node) {\n      return false;\n    }\n\n    switch (node.nodeType) {\n      case Node.ELEMENT_NODE:\n      case Node.D ... (4720 more bytes)","args":[{"element-6066-11e4-a52e-4f735466cecf":"19822c10-1c5d-410b-af55-834811005e5e","ELEMENT":"19822c10-1c5d-410b-af55-834811005e5e"}]}
RESULT: {"script":"return (function isElementDisplayed(element) {\n  function nodeIsElement(node) {\n    if (!node) {\n      return false;\n    }\n\n    switch (node.nodeType) {\n      case Node.ELEMENT_NODE:\n      case Node.D ... (4720 more bytes)","args":[{"element-6066-11e4-a52e-4f735466cecf":"19822c10-1c5d-410b-af55-834811005e5e","ELEMENT":"19822c10-1c5d-410b-af55-834811005e5e"}]}
COMMAND: POST /session/906f40b0be0114caa2741b81f08e869e/element - {"using":"xpath","value":"//span[text()=\"Altitude\"]"}
RESULT: {"using":"xpath","value":"//span[text()=\"Altitude\"]"}
COMMAND: POST /session/906f40b0be0114caa2741b81f08e869e/execute/sync - {"script":"return (function isElementDisplayed(element) {\n  function nodeIsElement(node) {\n    if (!node) {\n      return false;\n    }\n\n    switch (node.nodeType) {\n      case Node.ELEMENT_NODE:\n      case Node.D ... (4720 more bytes)","args":[{"element-6066-11e4-a52e-4f735466cecf":"552bebc3-9332-49f4-bec7-0431c9e3d360","ELEMENT":"552bebc3-9332-49f4-bec7-0431c9e3d360"}]}
RESULT: {"script":"return (function isElementDisplayed(element) {\n  function nodeIsElement(node) {\n    if (!node) {\n      return false;\n    }\n\n    switch (node.nodeType) {\n      case Node.ELEMENT_NODE:\n      case Node.D ... (4720 more bytes)","args":[{"element-6066-11e4-a52e-4f735466cecf":"552bebc3-9332-49f4-bec7-0431c9e3d360","ELEMENT":"552bebc3-9332-49f4-bec7-0431c9e3d360"}]}
COMMAND: POST /session/906f40b0be0114caa2741b81f08e869e/element - {"using":"xpath","value":"//span[text()=\"Blowoff\"]"}
RESULT: {"using":"xpath","value":"//span[text()=\"Blowoff\"]"}
COMMAND: POST /session/906f40b0be0114caa2741b81f08e869e/execute/sync - {"script":"return (function isElementDisplayed(element) {\n  function nodeIsElement(node) {\n    if (!node) {\n      return false;\n    }\n\n    switch (node.nodeType) {\n      case Node.ELEMENT_NODE:\n      case Node.D ... (4720 more bytes)","args":[{"element-6066-11e4-a52e-4f735466cecf":"7e9f53f4-73bf-45b2-9af1-cc83396b95e8","ELEMENT":"7e9f53f4-73bf-45b2-9af1-cc83396b95e8"}]}
RESULT: {"script":"return (function isElementDisplayed(element) {\n  function nodeIsElement(node) {\n    if (!node) {\n      return false;\n    }\n\n    switch (node.nodeType) {\n      case Node.ELEMENT_NODE:\n      case Node.D ... (4720 more bytes)","args":[{"element-6066-11e4-a52e-4f735466cecf":"7e9f53f4-73bf-45b2-9af1-cc83396b95e8","ELEMENT":"7e9f53f4-73bf-45b2-9af1-cc83396b95e8"}]}
COMMAND: POST /session/906f40b0be0114caa2741b81f08e869e/element - {"using":"xpath","value":"//span[text()=\"Bypass\"]"}
RESULT: {"using":"xpath","value":"//span[text()=\"Bypass\"]"}
COMMAND: POST /session/906f40b0be0114caa2741b81f08e869e/execute/sync - {"script":"return (function isElementDisplayed(element) {\n  function nodeIsElement(node) {\n    if (!node) {\n      return false;\n    }\n\n    switch (node.nodeType) {\n      case Node.ELEMENT_NODE:\n      case Node.D ... (4720 more bytes)","args":[{"element-6066-11e4-a52e-4f735466cecf":"94e6154a-a323-4497-be20-2993fb52dc96","ELEMENT":"94e6154a-a323-4497-be20-2993fb52dc96"}]}
RESULT: {"script":"return (function isElementDisplayed(element) {\n  function nodeIsElement(node) {\n    if (!node) {\n      return false;\n    }\n\n    switch (node.nodeType) {\n      case Node.ELEMENT_NODE:\n      case Node.D ... (4720 more bytes)","args":[{"element-6066-11e4-a52e-4f735466cecf":"94e6154a-a323-4497-be20-2993fb52dc96","ELEMENT":"94e6154a-a323-4497-be20-2993fb52dc96"}]}
COMMAND: POST /session/906f40b0be0114caa2741b81f08e869e/element - {"using":"xpath","value":"//span[text()=\"Check\"]"}
RESULT: {"using":"xpath","value":"//span[text()=\"Check\"]"}
COMMAND: POST /session/906f40b0be0114caa2741b81f08e869e/execute/sync - {"script":"return (function isElementDisplayed(element) {\n  function nodeIsElement(node) {\n    if (!node) {\n      return false;\n    }\n\n    switch (node.nodeType) {\n      case Node.ELEMENT_NODE:\n      case Node.D ... (4720 more bytes)","args":[{"element-6066-11e4-a52e-4f735466cecf":"90e5d811-7d0d-4ce1-9297-149a142da95b","ELEMENT":"90e5d811-7d0d-4ce1-9297-149a142da95b"}]}
RESULT: {"script":"return (function isElementDisplayed(element) {\n  function nodeIsElement(node) {\n    if (!node) {\n      return false;\n    }\n\n    switch (node.nodeType) {\n      case Node.ELEMENT_NODE:\n      case Node.D ... (4720 more bytes)","args":[{"element-6066-11e4-a52e-4f735466cecf":"90e5d811-7d0d-4ce1-9297-149a142da95b","ELEMENT":"90e5d811-7d0d-4ce1-9297-149a142da95b"}]}
COMMAND: POST /session/906f40b0be0114caa2741b81f08e869e/element - {"using":"xpath","value":"//span[text()=\"Distribution Grid\"]"}
RESULT: {"using":"xpath","value":"//span[text()=\"Distribution Grid\"]"}
COMMAND: POST /session/906f40b0be0114caa2741b81f08e869e/execute/sync - {"script":"return (function isElementDisplayed(element) {\n  function nodeIsElement(node) {\n    if (!node) {\n      return false;\n    }\n\n    switch (node.nodeType) {\n      case Node.ELEMENT_NODE:\n      case Node.D ... (4720 more bytes)","args":[{"element-6066-11e4-a52e-4f735466cecf":"54758a41-be25-4512-89ba-795b8a3905f9","ELEMENT":"54758a41-be25-4512-89ba-795b8a3905f9"}]}
RESULT: {"script":"return (function isElementDisplayed(element) {\n  function nodeIsElement(node) {\n    if (!node) {\n      return false;\n    }\n\n    switch (node.nodeType) {\n      case Node.ELEMENT_NODE:\n      case Node.D ... (4720 more bytes)","args":[{"element-6066-11e4-a52e-4f735466cecf":"54758a41-be25-4512-89ba-795b8a3905f9","ELEMENT":"54758a41-be25-4512-89ba-795b8a3905f9"}]}
COMMAND: POST /session/906f40b0be0114caa2741b81f08e869e/element - {"using":"xpath","value":"//span[text()=\"Pressure Regulator\"]"}
RESULT: {"using":"xpath","value":"//span[text()=\"Pressure Regulator\"]"}
COMMAND: POST /session/906f40b0be0114caa2741b81f08e869e/execute/sync - {"script":"return (function isElementDisplayed(element) {\n  function nodeIsElement(node) {\n    if (!node) {\n      return false;\n    }\n\n    switch (node.nodeType) {\n      case Node.ELEMENT_NODE:\n      case Node.D ... (4720 more bytes)","args":[{"element-6066-11e4-a52e-4f735466cecf":"549724f4-a398-40a3-9c99-0b6d4cac2706","ELEMENT":"549724f4-a398-40a3-9c99-0b6d4cac2706"}]}
RESULT: {"script":"return (function isElementDisplayed(element) {\n  function nodeIsElement(node) {\n    if (!node) {\n      return false;\n    }\n\n    switch (node.nodeType) {\n      case Node.ELEMENT_NODE:\n      case Node.D ... (4720 more bytes)","args":[{"element-6066-11e4-a52e-4f735466cecf":"549724f4-a398-40a3-9c99-0b6d4cac2706","ELEMENT":"549724f4-a398-40a3-9c99-0b6d4cac2706"}]}
COMMAND: POST /session/906f40b0be0114caa2741b81f08e869e/element - {"using":"xpath","value":"//span[text()=\"Service Shutoff\"]"}
RESULT: {"using":"xpath","value":"//span[text()=\"Service Shutoff\"]"}
COMMAND: POST /session/906f40b0be0114caa2741b81f08e869e/execute/sync - {"script":"return (function isElementDisplayed(element) {\n  function nodeIsElement(node) {\n    if (!node) {\n      return false;\n    }\n\n    switch (node.nodeType) {\n      case Node.ELEMENT_NODE:\n      case Node.D ... (4720 more bytes)","args":[{"element-6066-11e4-a52e-4f735466cecf":"ee11a8bd-a05b-4c32-ae86-7471d3bab9c2","ELEMENT":"ee11a8bd-a05b-4c32-ae86-7471d3bab9c2"}]}
RESULT: {"script":"return (function isElementDisplayed(element) {\n  function nodeIsElement(node) {\n    if (!node) {\n      return false;\n    }\n\n    switch (node.nodeType) {\n      case Node.ELEMENT_NODE:\n      case Node.D ... (4720 more bytes)","args":[{"element-6066-11e4-a52e-4f735466cecf":"ee11a8bd-a05b-4c32-ae86-7471d3bab9c2","ELEMENT":"ee11a8bd-a05b-4c32-ae86-7471d3bab9c2"}]}
COMMAND: POST /session/906f40b0be0114caa2741b81f08e869e/element - {"using":"xpath","value":"//span[text()=\"Test Connection\"]"}
RESULT: {"using":"xpath","value":"//span[text()=\"Test Connection\"]"}
COMMAND: POST /session/906f40b0be0114caa2741b81f08e869e/execute/sync - {"script":"return (function isElementDisplayed(element) {\n  function nodeIsElement(node) {\n    if (!node) {\n      return false;\n    }\n\n    switch (node.nodeType) {\n      case Node.ELEMENT_NODE:\n      case Node.D ... (4720 more bytes)","args":[{"element-6066-11e4-a52e-4f735466cecf":"4986347e-f8ee-4c5d-b606-a76006ff5389","ELEMENT":"4986347e-f8ee-4c5d-b606-a76006ff5389"}]}
RESULT: {"script":"return (function isElementDisplayed(element) {\n  function nodeIsElement(node) {\n    if (!node) {\n      return false;\n    }\n\n    switch (node.nodeType) {\n      case Node.ELEMENT_NODE:\n      case Node.D ... (4720 more bytes)","args":[{"element-6066-11e4-a52e-4f735466cecf":"4986347e-f8ee-4c5d-b606-a76006ff5389","ELEMENT":"4986347e-f8ee-4c5d-b606-a76006ff5389"}]}
COMMAND: POST /session/906f40b0be0114caa2741b81f08e869e/element - {"using":"xpath","value":"//span[text()=\"System Valve Operable?\"]"}
RESULT: {"using":"xpath","value":"//span[text()=\"System Valve Operable?\"]"}
COMMAND: POST /session/906f40b0be0114caa2741b81f08e869e/execute/sync - {"script":"return (function isElementDisplayed(element) {\n  function nodeIsElement(node) {\n    if (!node) {\n      return false;\n    }\n\n    switch (node.nodeType) {\n      case Node.ELEMENT_NODE:\n      case Node.D ... (4720 more bytes)","args":[{"element-6066-11e4-a52e-4f735466cecf":"42469f5d-dda7-4422-8dcd-a887e9d34b11","ELEMENT":"42469f5d-dda7-4422-8dcd-a887e9d34b11"}]}
RESULT: {"script":"return (function isElementDisplayed(element) {\n  function nodeIsElement(node) {\n    if (!node) {\n      return false;\n    }\n\n    switch (node.nodeType) {\n      case Node.ELEMENT_NODE:\n      case Node.D ... (4720 more bytes)","args":[{"element-6066-11e4-a52e-4f735466cecf":"42469f5d-dda7-4422-8dcd-a887e9d34b11","ELEMENT":"42469f5d-dda7-4422-8dcd-a887e9d34b11"}]}
COMMAND: POST /session/906f40b0be0114caa2741b81f08e869e/element - {"using":"xpath","value":"//span[text()=\"No\"]"}
RESULT: {"using":"xpath","value":"//span[text()=\"No\"]"}
COMMAND: POST /session/906f40b0be0114caa2741b81f08e869e/execute/sync - {"script":"return (function isElementDisplayed(element) {\n  function nodeIsElement(node) {\n    if (!node) {\n      return false;\n    }\n\n    switch (node.nodeType) {\n      case Node.ELEMENT_NODE:\n      case Node.D ... (4720 more bytes)","args":[{"element-6066-11e4-a52e-4f735466cecf":"0780726f-ef5d-4246-bc8d-982f04e7fbb2","ELEMENT":"0780726f-ef5d-4246-bc8d-982f04e7fbb2"}]}
RESULT: {"script":"return (function isElementDisplayed(element) {\n  function nodeIsElement(node) {\n    if (!node) {\n      return false;\n    }\n\n    switch (node.nodeType) {\n      case Node.ELEMENT_NODE:\n      case Node.D ... (4720 more bytes)","args":[{"element-6066-11e4-a52e-4f735466cecf":"0780726f-ef5d-4246-bc8d-982f04e7fbb2","ELEMENT":"0780726f-ef5d-4246-bc8d-982f04e7fbb2"}]}
COMMAND: POST /session/906f40b0be0114caa2741b81f08e869e/element - {"using":"xpath","value":"//span[text()=\"Lateral Lines\"]"}
RESULT: {"using":"xpath","value":"//span[text()=\"Lateral Lines\"]"}
COMMAND: POST /session/906f40b0be0114caa2741b81f08e869e/execute/sync - {"script":"return (function isElementDisplayed(element) {\n  function nodeIsElement(node) {\n    if (!node) {\n      return false;\n    }\n\n    switch (node.nodeType) {\n      case Node.ELEMENT_NODE:\n      case Node.D ... (4720 more bytes)","args":[{"element-6066-11e4-a52e-4f735466cecf":"78a7cfca-19a5-489a-b179-611772a08c4f","ELEMENT":"78a7cfca-19a5-489a-b179-611772a08c4f"}]}
RESULT: {"script":"return (function isElementDisplayed(element) {\n  function nodeIsElement(node) {\n    if (!node) {\n      return false;\n    }\n\n    switch (node.nodeType) {\n      case Node.ELEMENT_NODE:\n      case Node.D ... (4720 more bytes)","args":[{"element-6066-11e4-a52e-4f735466cecf":"78a7cfca-19a5-489a-b179-611772a08c4f","ELEMENT":"78a7cfca-19a5-489a-b179-611772a08c4f"}]}
COMMAND: POST /session/906f40b0be0114caa2741b81f08e869e/element - {"using":"xpath","value":"//span[text()=\"Service Line\"]"}
RESULT: {"using":"xpath","value":"//span[text()=\"Service Line\"]"}
COMMAND: POST /session/906f40b0be0114caa2741b81f08e869e/execute/sync - {"script":"return (function isElementDisplayed(element) {\n  function nodeIsElement(node) {\n    if (!node) {\n      return false;\n    }\n\n    switch (node.nodeType) {\n      case Node.ELEMENT_NODE:\n      case Node.D ... (4720 more bytes)","args":[{"element-6066-11e4-a52e-4f735466cecf":"b26d4fa0-c120-46f8-8dfc-6d47115c0b9f","ELEMENT":"b26d4fa0-c120-46f8-8dfc-6d47115c0b9f"}]}
RESULT: {"script":"return (function isElementDisplayed(element) {\n  function nodeIsElement(node) {\n    if (!node) {\n      return false;\n    }\n\n    switch (node.nodeType) {\n      case Node.ELEMENT_NODE:\n      case Node.D ... (4720 more bytes)","args":[{"element-6066-11e4-a52e-4f735466cecf":"b26d4fa0-c120-46f8-8dfc-6d47115c0b9f","ELEMENT":"b26d4fa0-c120-46f8-8dfc-6d47115c0b9f"}]}
COMMAND: POST /session/906f40b0be0114caa2741b81f08e869e/element - {"using":"xpath","value":"//span[text()=\"Horizontal Gate Valve Offset\"]"}
RESULT: {"using":"xpath","value":"//span[text()=\"Horizontal Gate Valve Offset\"]"}
COMMAND: POST /session/906f40b0be0114caa2741b81f08e869e/execute/sync - {"script":"return (function isElementDisplayed(element) {\n  function nodeIsElement(node) {\n    if (!node) {\n      return false;\n    }\n\n    switch (node.nodeType) {\n      case Node.ELEMENT_NODE:\n      case Node.D ... (4720 more bytes)","args":[{"element-6066-11e4-a52e-4f735466cecf":"3b8f69fd-29c0-4f34-9609-4c9230854a37","ELEMENT":"3b8f69fd-29c0-4f34-9609-4c9230854a37"}]}
RESULT: {"script":"return (function isElementDisplayed(element) {\n  function nodeIsElement(node) {\n    if (!node) {\n      return false;\n    }\n\n    switch (node.nodeType) {\n      case Node.ELEMENT_NODE:\n      case Node.D ... (4720 more bytes)","args":[{"element-6066-11e4-a52e-4f735466cecf":"3b8f69fd-29c0-4f34-9609-4c9230854a37","ELEMENT":"3b8f69fd-29c0-4f34-9609-4c9230854a37"}]}
COMMAND: POST /session/906f40b0be0114caa2741b81f08e869e/element - {"using":"xpath","value":"//span[text()=\"Hydrant Branch Lines\"]"}
RESULT: {"using":"xpath","value":"//span[text()=\"Hydrant Branch Lines\"]"}
COMMAND: POST /session/906f40b0be0114caa2741b81f08e869e/execute/sync - {"script":"return (function isElementDisplayed(element) {\n  function nodeIsElement(node) {\n    if (!node) {\n      return false;\n    }\n\n    switch (node.nodeType) {\n      case Node.ELEMENT_NODE:\n      case Node.D ... (4720 more bytes)","args":[{"element-6066-11e4-a52e-4f735466cecf":"78ca0dd9-dfbd-4ead-97e6-a698239c454d","ELEMENT":"78ca0dd9-dfbd-4ead-97e6-a698239c454d"}]}
RESULT: {"script":"return (function isElementDisplayed(element) {\n  function nodeIsElement(node) {\n    if (!node) {\n      return false;\n    }\n\n    switch (node.nodeType) {\n      case Node.ELEMENT_NODE:\n      case Node.D ... (4720 more bytes)","args":[{"element-6066-11e4-a52e-4f735466cecf":"78ca0dd9-dfbd-4ead-97e6-a698239c454d","ELEMENT":"78ca0dd9-dfbd-4ead-97e6-a698239c454d"}]}
COMMAND: POST /session/906f40b0be0114caa2741b81f08e869e/element - {"using":"xpath","value":"(//span[text()=\"Hydrant\"])[2]"}
RESULT: {"using":"xpath","value":"(//span[text()=\"Hydrant\"])[2]"}
COMMAND: POST /session/906f40b0be0114caa2741b81f08e869e/execute/sync - {"script":"return (function isElementDisplayed(element) {\n  function nodeIsElement(node) {\n    if (!node) {\n      return false;\n    }\n\n    switch (node.nodeType) {\n      case Node.ELEMENT_NODE:\n      case Node.D ... (4720 more bytes)","args":[{"element-6066-11e4-a52e-4f735466cecf":"718479ac-8677-4018-ba04-905453ad85c0","ELEMENT":"718479ac-8677-4018-ba04-905453ad85c0"}]}
RESULT: {"script":"return (function isElementDisplayed(element) {\n  function nodeIsElement(node) {\n    if (!node) {\n      return false;\n    }\n\n    switch (node.nodeType) {\n      case Node.ELEMENT_NODE:\n      case Node.D ... (4720 more bytes)","args":[{"element-6066-11e4-a52e-4f735466cecf":"718479ac-8677-4018-ba04-905453ad85c0","ELEMENT":"718479ac-8677-4018-ba04-905453ad85c0"}]}
COMMAND: POST /session/906f40b0be0114caa2741b81f08e869e/element - {"using":"xpath","value":"//span[text()=\"Fittings\"]"}
RESULT: {"using":"xpath","value":"//span[text()=\"Fittings\"]"}
COMMAND: POST /session/906f40b0be0114caa2741b81f08e869e/execute/sync - {"script":"return (function isElementDisplayed(element) {\n  function nodeIsElement(node) {\n    if (!node) {\n      return false;\n    }\n\n    switch (node.nodeType) {\n      case Node.ELEMENT_NODE:\n      case Node.D ... (4720 more bytes)","args":[{"element-6066-11e4-a52e-4f735466cecf":"626cd021-b108-4735-bcea-63d8e1076be3","ELEMENT":"626cd021-b108-4735-bcea-63d8e1076be3"}]}
RESULT: {"script":"return (function isElementDisplayed(element) {\n  function nodeIsElement(node) {\n    if (!node) {\n      return false;\n    }\n\n    switch (node.nodeType) {\n      case Node.ELEMENT_NODE:\n      case Node.D ... (4720 more bytes)","args":[{"element-6066-11e4-a52e-4f735466cecf":"626cd021-b108-4735-bcea-63d8e1076be3","ELEMENT":"626cd021-b108-4735-bcea-63d8e1076be3"}]}
COMMAND: POST /session/906f40b0be0114caa2741b81f08e869e/element - {"using":"xpath","value":"//span[text()=\"Mains\"]"}
RESULT: {"using":"xpath","value":"//span[text()=\"Mains\"]"}
COMMAND: POST /session/906f40b0be0114caa2741b81f08e869e/execute/sync - {"script":"return (function isElementDisplayed(element) {\n  function nodeIsElement(node) {\n    if (!node) {\n      return false;\n    }\n\n    switch (node.nodeType) {\n      case Node.ELEMENT_NODE:\n      case Node.D ... (4720 more bytes)","args":[{"element-6066-11e4-a52e-4f735466cecf":"ac9cca14-cb6a-453b-a788-82014754e1ce","ELEMENT":"ac9cca14-cb6a-453b-a788-82014754e1ce"}]}
RESULT: {"script":"return (function isElementDisplayed(element) {\n  function nodeIsElement(node) {\n    if (!node) {\n      return false;\n    }\n\n    switch (node.nodeType) {\n      case Node.ELEMENT_NODE:\n      case Node.D ... (4720 more bytes)","args":[{"element-6066-11e4-a52e-4f735466cecf":"ac9cca14-cb6a-453b-a788-82014754e1ce","ELEMENT":"ac9cca14-cb6a-453b-a788-82014754e1ce"}]}
COMMAND: POST /session/906f40b0be0114caa2741b81f08e869e/element - {"using":"xpath","value":"//span[text()=\"Mains (Transmission Mains - PVWC Only)\"]"}
RESULT: {"using":"xpath","value":"//span[text()=\"Mains (Transmission Mains - PVWC Only)\"]"}
COMMAND: POST /session/906f40b0be0114caa2741b81f08e869e/execute/sync - {"script":"return (function isElementDisplayed(element) {\n  function nodeIsElement(node) {\n    if (!node) {\n      return false;\n    }\n\n    switch (node.nodeType) {\n      case Node.ELEMENT_NODE:\n      case Node.D ... (4720 more bytes)","args":[{"element-6066-11e4-a52e-4f735466cecf":"8142d3fd-c972-4628-be59-cb583433ae42","ELEMENT":"8142d3fd-c972-4628-be59-cb583433ae42"}]}
RESULT: {"script":"return (function isElementDisplayed(element) {\n  function nodeIsElement(node) {\n    if (!node) {\n      return false;\n    }\n\n    switch (node.nodeType) {\n      case Node.ELEMENT_NODE:\n      case Node.D ... (4720 more bytes)","args":[{"element-6066-11e4-a52e-4f735466cecf":"8142d3fd-c972-4628-be59-cb583433ae42","ELEMENT":"8142d3fd-c972-4628-be59-cb583433ae42"}]}
COMMAND: POST /session/906f40b0be0114caa2741b81f08e869e/element - {"using":"xpath","value":"//span[text()=\"30\"]"}
RESULT: {"using":"xpath","value":"//span[text()=\"30\"]"}
COMMAND: POST /session/906f40b0be0114caa2741b81f08e869e/execute/sync - {"script":"return (function isElementDisplayed(element) {\n  function nodeIsElement(node) {\n    if (!node) {\n      return false;\n    }\n\n    switch (node.nodeType) {\n      case Node.ELEMENT_NODE:\n      case Node.D ... (4720 more bytes)","args":[{"element-6066-11e4-a52e-4f735466cecf":"ccd76e2f-8b3c-4a2e-9e84-86ffea6a3dd0","ELEMENT":"ccd76e2f-8b3c-4a2e-9e84-86ffea6a3dd0"}]}
RESULT: {"script":"return (function isElementDisplayed(element) {\n  function nodeIsElement(node) {\n    if (!node) {\n      return false;\n    }\n\n    switch (node.nodeType) {\n      case Node.ELEMENT_NODE:\n      case Node.D ... (4720 more bytes)","args":[{"element-6066-11e4-a52e-4f735466cecf":"ccd76e2f-8b3c-4a2e-9e84-86ffea6a3dd0","ELEMENT":"ccd76e2f-8b3c-4a2e-9e84-86ffea6a3dd0"}]}
COMMAND: POST /session/906f40b0be0114caa2741b81f08e869e/element - {"using":"xpath","value":"//span[text()=\"34\"]"}
RESULT: {"using":"xpath","value":"//span[text()=\"34\"]"}
COMMAND: POST /session/906f40b0be0114caa2741b81f08e869e/execute/sync - {"script":"return (function isElementDisplayed(element) {\n  function nodeIsElement(node) {\n    if (!node) {\n      return false;\n    }\n\n    switch (node.nodeType) {\n      case Node.ELEMENT_NODE:\n      case Node.D ... (4720 more bytes)","args":[{"element-6066-11e4-a52e-4f735466cecf":"b57a359c-56a6-4cb3-9e40-30a80d3126ba","ELEMENT":"b57a359c-56a6-4cb3-9e40-30a80d3126ba"}]}
RESULT: {"script":"return (function isElementDisplayed(element) {\n  function nodeIsElement(node) {\n    if (!node) {\n      return false;\n    }\n\n    switch (node.nodeType) {\n      case Node.ELEMENT_NODE:\n      case Node.D ... (4720 more bytes)","args":[{"element-6066-11e4-a52e-4f735466cecf":"b57a359c-56a6-4cb3-9e40-30a80d3126ba","ELEMENT":"b57a359c-56a6-4cb3-9e40-30a80d3126ba"}]}
COMMAND: POST /session/906f40b0be0114caa2741b81f08e869e/element - {"using":"xpath","value":"//span[text()=\"36\"]"}
RESULT: {"using":"xpath","value":"//span[text()=\"36\"]"}
COMMAND: POST /session/906f40b0be0114caa2741b81f08e869e/execute/sync - {"script":"return (function isElementDisplayed(element) {\n  function nodeIsElement(node) {\n    if (!node) {\n      return false;\n    }\n\n    switch (node.nodeType) {\n      case Node.ELEMENT_NODE:\n      case Node.D ... (4720 more bytes)","args":[{"element-6066-11e4-a52e-4f735466cecf":"24f71c38-5d0d-40cd-9d68-70004647bbf2","ELEMENT":"24f71c38-5d0d-40cd-9d68-70004647bbf2"}]}
RESULT: {"script":"return (function isElementDisplayed(element) {\n  function nodeIsElement(node) {\n    if (!node) {\n      return false;\n    }\n\n    switch (node.nodeType) {\n      case Node.ELEMENT_NODE:\n      case Node.D ... (4720 more bytes)","args":[{"element-6066-11e4-a52e-4f735466cecf":"24f71c38-5d0d-40cd-9d68-70004647bbf2","ELEMENT":"24f71c38-5d0d-40cd-9d68-70004647bbf2"}]}
COMMAND: POST /session/906f40b0be0114caa2741b81f08e869e/element - {"using":"xpath","value":"//span[text()=\"42\"]"}
RESULT: {"using":"xpath","value":"//span[text()=\"42\"]"}
COMMAND: POST /session/906f40b0be0114caa2741b81f08e869e/execute/sync - {"script":"return (function isElementDisplayed(element) {\n  function nodeIsElement(node) {\n    if (!node) {\n      return false;\n    }\n\n    switch (node.nodeType) {\n      case Node.ELEMENT_NODE:\n      case Node.D ... (4720 more bytes)","args":[{"element-6066-11e4-a52e-4f735466cecf":"5d149d5c-c1e9-4343-a59b-90d822963991","ELEMENT":"5d149d5c-c1e9-4343-a59b-90d822963991"}]}
RESULT: {"script":"return (function isElementDisplayed(element) {\n  function nodeIsElement(node) {\n    if (!node) {\n      return false;\n    }\n\n    switch (node.nodeType) {\n      case Node.ELEMENT_NODE:\n      case Node.D ... (4720 more bytes)","args":[{"element-6066-11e4-a52e-4f735466cecf":"5d149d5c-c1e9-4343-a59b-90d822963991","ELEMENT":"5d149d5c-c1e9-4343-a59b-90d822963991"}]}
COMMAND: POST /session/906f40b0be0114caa2741b81f08e869e/element - {"using":"xpath","value":"//span[text()=\"48\"]"}
RESULT: {"using":"xpath","value":"//span[text()=\"48\"]"}
COMMAND: POST /session/906f40b0be0114caa2741b81f08e869e/execute/sync - {"script":"return (function isElementDisplayed(element) {\n  function nodeIsElement(node) {\n    if (!node) {\n      return false;\n    }\n\n    switch (node.nodeType) {\n      case Node.ELEMENT_NODE:\n      case Node.D ... (4720 more bytes)","args":[{"element-6066-11e4-a52e-4f735466cecf":"3057489a-0374-42d2-956c-40324eae5c60","ELEMENT":"3057489a-0374-42d2-956c-40324eae5c60"}]}
RESULT: {"script":"return (function isElementDisplayed(element) {\n  function nodeIsElement(node) {\n    if (!node) {\n      return false;\n    }\n\n    switch (node.nodeType) {\n      case Node.ELEMENT_NODE:\n      case Node.D ... (4720 more bytes)","args":[{"element-6066-11e4-a52e-4f735466cecf":"3057489a-0374-42d2-956c-40324eae5c60","ELEMENT":"3057489a-0374-42d2-956c-40324eae5c60"}]}
COMMAND: POST /session/906f40b0be0114caa2741b81f08e869e/element - {"using":"xpath","value":"//span[text()=\"51\"]"}
RESULT: {"using":"xpath","value":"//span[text()=\"51\"]"}
COMMAND: POST /session/906f40b0be0114caa2741b81f08e869e/execute/sync - {"script":"return (function isElementDisplayed(element) {\n  function nodeIsElement(node) {\n    if (!node) {\n      return false;\n    }\n\n    switch (node.nodeType) {\n      case Node.ELEMENT_NODE:\n      case Node.D ... (4720 more bytes)","args":[{"element-6066-11e4-a52e-4f735466cecf":"6271200b-021a-4ebf-8128-6ba36b77e687","ELEMENT":"6271200b-021a-4ebf-8128-6ba36b77e687"}]}
RESULT: {"script":"return (function isElementDisplayed(element) {\n  function nodeIsElement(node) {\n    if (!node) {\n      return false;\n    }\n\n    switch (node.nodeType) {\n      case Node.ELEMENT_NODE:\n      case Node.D ... (4720 more bytes)","args":[{"element-6066-11e4-a52e-4f735466cecf":"6271200b-021a-4ebf-8128-6ba36b77e687","ELEMENT":"6271200b-021a-4ebf-8128-6ba36b77e687"}]}
COMMAND: POST /session/906f40b0be0114caa2741b81f08e869e/element - {"using":"xpath","value":"//span[text()=\"60\"]"}
RESULT: {"using":"xpath","value":"//span[text()=\"60\"]"}
COMMAND: POST /session/906f40b0be0114caa2741b81f08e869e/execute/sync - {"script":"return (function isElementDisplayed(element) {\n  function nodeIsElement(node) {\n    if (!node) {\n      return false;\n    }\n\n    switch (node.nodeType) {\n      case Node.ELEMENT_NODE:\n      case Node.D ... (4720 more bytes)","args":[{"element-6066-11e4-a52e-4f735466cecf":"eb25fd1a-2946-4a58-8b33-af1bf1f24cd1","ELEMENT":"eb25fd1a-2946-4a58-8b33-af1bf1f24cd1"}]}
RESULT: {"script":"return (function isElementDisplayed(element) {\n  function nodeIsElement(node) {\n    if (!node) {\n      return false;\n    }\n\n    switch (node.nodeType) {\n      case Node.ELEMENT_NODE:\n      case Node.D ... (4720 more bytes)","args":[{"element-6066-11e4-a52e-4f735466cecf":"eb25fd1a-2946-4a58-8b33-af1bf1f24cd1","ELEMENT":"eb25fd1a-2946-4a58-8b33-af1bf1f24cd1"}]}
COMMAND: POST /session/906f40b0be0114caa2741b81f08e869e/element - {"using":"xpath","value":"//span[text()=\"Mains (Transmission Mains - Other)\"]"}
RESULT: {"using":"xpath","value":"//span[text()=\"Mains (Transmission Mains - Other)\"]"}
COMMAND: POST /session/906f40b0be0114caa2741b81f08e869e/execute/sync - {"script":"return (function isElementDisplayed(element) {\n  function nodeIsElement(node) {\n    if (!node) {\n      return false;\n    }\n\n    switch (node.nodeType) {\n      case Node.ELEMENT_NODE:\n      case Node.D ... (4720 more bytes)","args":[{"element-6066-11e4-a52e-4f735466cecf":"9ea88f0d-4d6d-4feb-a348-2b5e2cd79ff5","ELEMENT":"9ea88f0d-4d6d-4feb-a348-2b5e2cd79ff5"}]}
RESULT: {"script":"return (function isElementDisplayed(element) {\n  function nodeIsElement(node) {\n    if (!node) {\n      return false;\n    }\n\n    switch (node.nodeType) {\n      case Node.ELEMENT_NODE:\n      case Node.D ... (4720 more bytes)","args":[{"element-6066-11e4-a52e-4f735466cecf":"9ea88f0d-4d6d-4feb-a348-2b5e2cd79ff5","ELEMENT":"9ea88f0d-4d6d-4feb-a348-2b5e2cd79ff5"}]}
COMMAND: POST /session/906f40b0be0114caa2741b81f08e869e/element - {"using":"xpath","value":"//span[text()=\"Mains (Sizes)\"]"}
RESULT: {"using":"xpath","value":"//span[text()=\"Mains (Sizes)\"]"}
COMMAND: POST /session/906f40b0be0114caa2741b81f08e869e/execute/sync - {"script":"return (function isElementDisplayed(element) {\n  function nodeIsElement(node) {\n    if (!node) {\n      return false;\n    }\n\n    switch (node.nodeType) {\n      case Node.ELEMENT_NODE:\n      case Node.D ... (4720 more bytes)","args":[{"element-6066-11e4-a52e-4f735466cecf":"591f765d-2ecf-473c-befe-dff4c7a465fa","ELEMENT":"591f765d-2ecf-473c-befe-dff4c7a465fa"}]}
RESULT: {"script":"return (function isElementDisplayed(element) {\n  function nodeIsElement(node) {\n    if (!node) {\n      return false;\n    }\n\n    switch (node.nodeType) {\n      case Node.ELEMENT_NODE:\n      case Node.D ... (4720 more bytes)","args":[{"element-6066-11e4-a52e-4f735466cecf":"591f765d-2ecf-473c-befe-dff4c7a465fa","ELEMENT":"591f765d-2ecf-473c-befe-dff4c7a465fa"}]}
COMMAND: POST /session/906f40b0be0114caa2741b81f08e869e/element - {"using":"xpath","value":"//span[text()=\"System Meter\"]"}
RESULT: {"using":"xpath","value":"//span[text()=\"System Meter\"]"}
COMMAND: POST /session/906f40b0be0114caa2741b81f08e869e/execute/sync - {"script":"return (function isElementDisplayed(element) {\n  function nodeIsElement(node) {\n    if (!node) {\n      return false;\n    }\n\n    switch (node.nodeType) {\n      case Node.ELEMENT_NODE:\n      case Node.D ... (4720 more bytes)","args":[{"element-6066-11e4-a52e-4f735466cecf":"d9dc3cb3-da6c-41b1-b47d-a4770ed7c0ad","ELEMENT":"d9dc3cb3-da6c-41b1-b47d-a4770ed7c0ad"}]}
RESULT: {"script":"return (function isElementDisplayed(element) {\n  function nodeIsElement(node) {\n    if (!node) {\n      return false;\n    }\n\n    switch (node.nodeType) {\n      case Node.ELEMENT_NODE:\n      case Node.D ... (4720 more bytes)","args":[{"element-6066-11e4-a52e-4f735466cecf":"d9dc3cb3-da6c-41b1-b47d-a4770ed7c0ad","ELEMENT":"d9dc3cb3-da6c-41b1-b47d-a4770ed7c0ad"}]}
COMMAND: DELETE /session/906f40b0be0114caa2741b81f08e869e - {}
RESULT: {}
]]>
      </system-out>
    </testcase>
  </testsuite>
</testsuites>